2025-04-11 17:01:42,032 - INFO - Запуск программы
2025-04-11 17:01:42,038 - INFO - Аргументы командной строки: Namespace(command='files', format='json', output='result.json')
2025-04-11 17:01:42,038 - INFO - Загрузка проекта из файла: architecture.json
2025-04-11 17:01:42,038 - DEBUG - Преобразованный путь: /Users/sergeykanaykin/Documents/Work/homescapes/utils/ArchTrace/architecture.json
2025-04-11 17:01:42,038 - DEBUG - JSON файл успешно прочитан
2025-04-11 17:01:42,038 - DEBUG - Установлена корневая директория проекта: ../../
2025-04-11 17:01:42,039 - INFO - Найдено модулей в JSON: 17
2025-04-11 17:01:42,039 - DEBUG - Добавлен модуль: Match3
2025-04-11 17:01:42,039 - DEBUG - Добавлен модуль: App
2025-04-11 17:01:42,039 - DEBUG - Добавлен модуль: Cheats
2025-04-11 17:01:42,039 - DEBUG - Добавлен модуль: Common
2025-04-11 17:01:42,039 - DEBUG - Добавлен модуль: GFF
2025-04-11 17:01:42,039 - DEBUG - Добавлен модуль: GameFeatures
2025-04-11 17:01:42,039 - DEBUG - Добавлен модуль: GameInfo
2025-04-11 17:01:42,039 - DEBUG - Добавлен модуль: GameMechanics
2025-04-11 17:01:42,039 - DEBUG - Добавлен модуль: GameStory
2025-04-11 17:01:42,039 - DEBUG - Добавлен модуль: Migration
2025-04-11 17:01:42,039 - DEBUG - Добавлен модуль: Platforms
2025-04-11 17:01:42,039 - DEBUG - Добавлен модуль: PluginTest
2025-04-11 17:01:42,039 - DEBUG - Добавлен модуль: Server
2025-04-11 17:01:42,039 - DEBUG - Добавлен модуль: Services
2025-04-11 17:01:42,039 - DEBUG - Добавлен модуль: Tests
2025-04-11 17:01:42,039 - DEBUG - Добавлен модуль: VSO
2025-04-11 17:01:42,039 - DEBUG - Добавлен модуль: Framework
2025-04-11 17:01:42,039 - INFO - Проект загружен: Unnamed Project
2025-04-11 17:01:42,039 - DEBUG - Корневая директория: ../..
2025-04-11 17:01:42,039 - INFO - Начало сканирования файлов
2025-04-11 17:01:42,039 - DEBUG - Сканирование файлов для модуля: Match3
2025-04-11 17:01:42,039 - INFO - scan_files  
2025-04-11 17:01:42,039 - DEBUG - Сканирование файлов для модуля: App
2025-04-11 17:01:42,039 - INFO - scan_files  
2025-04-11 17:01:42,039 - DEBUG - Сканирование файлов для модуля: Cheats
2025-04-11 17:01:42,039 - INFO - scan_files  
2025-04-11 17:01:42,039 - DEBUG - Сканирование файлов для модуля: Common
2025-04-11 17:01:42,039 - INFO - scan_files  
2025-04-11 17:01:42,039 - DEBUG - Сканирование файлов для модуля: GFF
2025-04-11 17:01:42,039 - INFO - scan_files  
2025-04-11 17:01:42,039 - DEBUG - Сканирование файлов для модуля: GameFeatures
2025-04-11 17:01:42,039 - INFO - scan_files  
2025-04-11 17:01:42,039 - DEBUG - Сканирование файлов для модуля: GameInfo
2025-04-11 17:01:42,039 - INFO - scan_files  
2025-04-11 17:01:42,039 - DEBUG - Сканирование файлов для модуля: GameMechanics
2025-04-11 17:01:42,039 - INFO - scan_files  
2025-04-11 17:01:42,039 - DEBUG - Сканирование файлов для модуля: GameStory
2025-04-11 17:01:42,039 - INFO - scan_files  
2025-04-11 17:01:42,039 - DEBUG - Сканирование файлов для модуля: Migration
2025-04-11 17:01:42,039 - INFO - scan_files  
2025-04-11 17:01:42,039 - DEBUG - Сканирование файлов для модуля: Platforms
2025-04-11 17:01:42,039 - INFO - scan_files  
2025-04-11 17:01:42,039 - DEBUG - Сканирование файлов для модуля: PluginTest
2025-04-11 17:01:42,039 - INFO - scan_files  
2025-04-11 17:01:42,039 - DEBUG - Сканирование файлов для модуля: Server
2025-04-11 17:01:42,039 - INFO - scan_files  
2025-04-11 17:01:42,039 - DEBUG - Сканирование файлов для модуля: Services
2025-04-11 17:01:42,039 - INFO - scan_files  
2025-04-11 17:01:42,039 - DEBUG - Сканирование файлов для модуля: Tests
2025-04-11 17:01:42,039 - INFO - scan_files  
2025-04-11 17:01:42,039 - DEBUG - Сканирование файлов для модуля: VSO
2025-04-11 17:01:42,039 - INFO - scan_files  
2025-04-11 17:01:42,039 - DEBUG - Сканирование файлов для модуля: Framework
2025-04-11 17:01:42,039 - INFO - scan_files  
2025-04-11 17:01:42,039 - INFO - Создание visitor'а для формата: json
2025-04-11 17:01:42,039 - INFO - Обход структуры проекта
2025-04-11 17:01:42,039 - INFO - get_all_files  
2025-04-11 17:01:42,039 - INFO - get_all_files  
2025-04-11 17:01:42,039 - INFO - get_all_files  
2025-04-11 17:01:42,040 - INFO - get_all_files  
2025-04-11 17:01:42,040 - INFO - get_all_files  
2025-04-11 17:01:42,040 - INFO - get_all_files  
2025-04-11 17:01:42,040 - INFO - get_all_files  
2025-04-11 17:01:42,040 - INFO - get_all_files  
2025-04-11 17:01:42,040 - INFO - get_all_files  
2025-04-11 17:01:42,040 - INFO - get_all_files  
2025-04-11 17:01:42,040 - INFO - get_all_files  
2025-04-11 17:01:42,040 - INFO - get_all_files  
2025-04-11 17:01:42,040 - INFO - get_all_files  
2025-04-11 17:01:42,040 - INFO - get_all_files  
2025-04-11 17:01:42,040 - INFO - get_all_files  
2025-04-11 17:01:42,040 - INFO - get_all_files  
2025-04-11 17:01:42,040 - INFO - get_all_files  
2025-04-11 17:01:42,040 - INFO - get_all_files  
2025-04-11 17:01:42,040 - INFO - get_all_files  
2025-04-11 17:01:42,040 - INFO - get_all_files  
2025-04-11 17:01:42,040 - INFO - get_all_files  
2025-04-11 17:01:42,040 - INFO - get_all_files  
2025-04-11 17:01:42,040 - INFO - get_all_files  
2025-04-11 17:01:42,040 - INFO - get_all_files  
2025-04-11 17:01:42,040 - INFO - get_all_files  
2025-04-11 17:01:42,040 - INFO - get_all_files  
2025-04-11 17:01:42,040 - INFO - get_all_files  
2025-04-11 17:01:42,040 - INFO - get_all_files  
2025-04-11 17:01:42,040 - INFO - get_all_files  
2025-04-11 17:01:42,040 - INFO - get_all_files  
2025-04-11 17:01:42,040 - INFO - get_all_files  
2025-04-11 17:01:42,040 - INFO - get_all_files  
2025-04-11 17:01:42,040 - INFO - get_all_files  
2025-04-11 17:01:42,040 - INFO - get_all_files  
2025-04-11 17:01:42,040 - INFO - get_all_files  
2025-04-11 17:01:42,040 - INFO - get_all_files  
2025-04-11 17:01:42,040 - INFO - get_all_files  
2025-04-11 17:01:42,040 - INFO - get_all_files  
2025-04-11 17:01:42,040 - INFO - get_all_files  
2025-04-11 17:01:42,040 - INFO - get_all_files  
2025-04-11 17:01:42,040 - INFO - get_all_files  
2025-04-11 17:01:42,040 - INFO - get_all_files  
2025-04-11 17:01:42,040 - INFO - get_all_files  
2025-04-11 17:01:42,040 - INFO - Сохранение результата в файл: result.json
2025-04-11 17:01:42,041 - INFO - Программа завершена
