2025-04-11 16:06:14,856 - INFO - Запуск программы
2025-04-11 16:06:14,863 - INFO - Аргументы командной строки: Namespace(command='files', format='json', output='result.json')
2025-04-11 16:06:14,863 - INFO - Загрузка проекта из файла: architecture.json
2025-04-11 16:06:14,864 - DEBUG - Преобразованный путь: /Users/sergeykanaykin/Documents/Work/homescapes/utils/ArchTrace/architecture.json
2025-04-11 16:06:14,864 - DEBUG - JSON файл успешно прочитан
2025-04-11 16:06:14,864 - DEBUG - Установлена корневая директория проекта: ../../
2025-04-11 16:06:14,864 - INFO - Найдено модулей в JSON: 1
2025-04-11 16:06:14,864 - DEBUG - Добавлен модуль: Framework
2025-04-11 16:06:14,864 - INFO - Проект загружен: Unnamed Project
2025-04-11 16:06:14,864 - DEBUG - Корневая директория: ../..
2025-04-11 16:06:14,864 - INFO - Начало сканирования файлов
2025-04-11 16:06:14,864 - DEBUG - Сканирование файлов для модуля: Framework
2025-04-11 16:06:14,864 - INFO - scan_files  
2025-04-11 16:06:14,864 - INFO - Создание visitor'а для формата: json
2025-04-11 16:06:14,864 - INFO - Обход структуры проекта
2025-04-11 16:06:14,864 - INFO - get_all_files  
2025-04-11 16:06:14,864 - INFO - get_all_files  
2025-04-11 16:06:14,864 - INFO - get_all_files  
2025-04-11 16:06:14,864 - INFO - get_all_files  
2025-04-11 16:06:14,864 - INFO - Сохранение результата в файл: result.json
2025-04-11 16:06:14,865 - INFO - Программа завершена
