2025-04-11 17:04:25,284 - INFO - Запуск программы
2025-04-11 17:04:25,290 - INFO - Аргументы командной строки: Namespace(command='files', format='json', output='result.json')
2025-04-11 17:04:25,290 - INFO - Загрузка проекта из файла: architecture.json
2025-04-11 17:04:25,290 - DEBUG - Преобразованный путь: /Users/sergeykanaykin/Documents/Work/homescapes/utils/ArchTrace/architecture.json
2025-04-11 17:04:25,290 - DEBUG - JSON файл успешно прочитан
2025-04-11 17:04:25,290 - DEBUG - Установлена корневая директория проекта: ../../
2025-04-11 17:04:25,290 - INFO - Найдено модулей в JSON: 17
2025-04-11 17:04:25,290 - DEBUG - Добавлен модуль: Match3
2025-04-11 17:04:25,290 - DEBUG - Добавлен модуль: App
2025-04-11 17:04:25,290 - DEBUG - Добавлен модуль: Cheats
2025-04-11 17:04:25,290 - DEBUG - Добавлен модуль: Common
2025-04-11 17:04:25,290 - DEBUG - Добавлен модуль: GFF
2025-04-11 17:04:25,290 - DEBUG - Добавлен модуль: GameFeatures
2025-04-11 17:04:25,290 - DEBUG - Добавлен модуль: GameInfo
2025-04-11 17:04:25,290 - DEBUG - Добавлен модуль: GameMechanics
2025-04-11 17:04:25,291 - DEBUG - Добавлен модуль: GameStory
2025-04-11 17:04:25,291 - DEBUG - Добавлен модуль: Migration
2025-04-11 17:04:25,291 - DEBUG - Добавлен модуль: Platforms
2025-04-11 17:04:25,291 - DEBUG - Добавлен модуль: PluginTest
2025-04-11 17:04:25,291 - DEBUG - Добавлен модуль: Server
2025-04-11 17:04:25,291 - DEBUG - Добавлен модуль: Services
2025-04-11 17:04:25,291 - DEBUG - Добавлен модуль: Tests
2025-04-11 17:04:25,291 - DEBUG - Добавлен модуль: VSO
2025-04-11 17:04:25,291 - DEBUG - Добавлен модуль: Framework
2025-04-11 17:04:25,291 - INFO - Проект загружен: Unnamed Project
2025-04-11 17:04:25,291 - DEBUG - Корневая директория: ../..
2025-04-11 17:04:25,291 - INFO - Начало сканирования файлов
2025-04-11 17:04:25,291 - DEBUG - Сканирование файлов для модуля: Match3
2025-04-11 17:04:25,349 - DEBUG - Сканирование файлов для модуля: App
2025-04-11 17:04:25,350 - DEBUG - Сканирование файлов для модуля: Cheats
2025-04-11 17:04:25,352 - DEBUG - Сканирование файлов для модуля: Common
2025-04-11 17:04:25,358 - DEBUG - Сканирование файлов для модуля: GFF
2025-04-11 17:04:25,360 - DEBUG - Сканирование файлов для модуля: GameFeatures
2025-04-11 17:04:25,448 - DEBUG - Сканирование файлов для модуля: GameInfo
2025-04-11 17:04:25,449 - DEBUG - Сканирование файлов для модуля: GameMechanics
2025-04-11 17:04:25,451 - DEBUG - Сканирование файлов для модуля: GameStory
2025-04-11 17:04:25,468 - DEBUG - Сканирование файлов для модуля: Migration
2025-04-11 17:04:25,468 - DEBUG - Сканирование файлов для модуля: Platforms
2025-04-11 17:04:25,496 - DEBUG - Сканирование файлов для модуля: PluginTest
2025-04-11 17:04:25,496 - DEBUG - Сканирование файлов для модуля: Server
2025-04-11 17:04:25,497 - DEBUG - Сканирование файлов для модуля: Services
2025-04-11 17:04:25,502 - DEBUG - Сканирование файлов для модуля: Tests
2025-04-11 17:04:25,507 - DEBUG - Сканирование файлов для модуля: VSO
2025-04-11 17:04:25,532 - DEBUG - Сканирование файлов для модуля: Framework
2025-04-11 17:04:25,562 - INFO - Создание visitor'а для формата: json
2025-04-11 17:04:25,562 - INFO - Обход структуры проекта
2025-04-11 17:04:25,571 - INFO - Сохранение результата в файл: result.json
2025-04-11 17:04:25,571 - INFO - Программа завершена
